<?xml version="1.0" encoding="UTF-8"?>
<testng-results skipped="0" failed="0" ignored="0" total="1" passed="1">
  <reporter-output>
  </reporter-output>
  <suite name="Suite" duration-ms="16812" started-at="2021-07-28T02:40:20 IST" finished-at="2021-07-28T02:40:37 IST">
    <groups>
    </groups>
    <test name="Test" duration-ms="16812" started-at="2021-07-28T02:40:20 IST" finished-at="2021-07-28T02:40:37 IST">
      <class name="com.PartnerTap.TestCases.TC_LoginInDemoUser_001">
        <test-method status="PASS" signature="setup()[pri:0, instance:com.PartnerTap.TestCases.TC_LoginInDemoUser_001@10b0cb9]" name="setup" is-config="true" duration-ms="7239" started-at="2021-07-28T02:40:20 IST" finished-at="2021-07-28T02:40:27 IST">
          <reporter-output>
          </reporter-output>
        </test-method> <!-- setup -->
        <test-method status="PASS" signature="loginTest()[pri:0, instance:com.PartnerTap.TestCases.TC_LoginInDemoUser_001@10b0cb9]" name="loginTest" duration-ms="8801" started-at="2021-07-28T02:40:27 IST" finished-at="2021-07-28T02:40:36 IST">
          <reporter-output>
          </reporter-output>
        </test-method> <!-- loginTest -->
        <test-method status="PASS" signature="tearDown()[pri:0, instance:com.PartnerTap.TestCases.TC_LoginInDemoUser_001@10b0cb9]" name="tearDown" is-config="true" duration-ms="663" started-at="2021-07-28T02:40:36 IST" finished-at="2021-07-28T02:40:37 IST">
          <reporter-output>
          </reporter-output>
        </test-method> <!-- tearDown -->
      </class> <!-- com.PartnerTap.TestCases.TC_LoginInDemoUser_001 -->
    </test> <!-- Test -->
  </suite> <!-- Suite -->
</testng-results>
